{
  "RSpec": {
    "coverage": {
      "/Users/user/Projects/rails_projects/reservester/app/models/user.rb": [
        1,
        null,
        1,
        1,
        1,
        1,
        null,
        null,
        1,
        null,
        null,
        1,
        null,
        1,
        0,
        null,
        null,
        1,
        2,
        2,
        2,
        null,
        null,
        null
      ],
      "/Users/user/Projects/rails_projects/reservester/app/helpers/application_helper.rb": [
        1,
        null,
        null,
        1,
        46,
        46,
        19,
        null,
        27,
        null,
        null,
        null,
        1,
        4,
        4,
        4,
        null,
        null,
        null
      ],
      "/Users/user/Projects/rails_projects/reservester/app/helpers/reservations_helper.rb": [
        1,
        null
      ],
      "/Users/user/Projects/rails_projects/reservester/app/helpers/restaurants_helper.rb": [
        1,
        null
      ],
      "/Users/user/Projects/rails_projects/reservester/app/helpers/sessions_helper.rb": [
        1,
        null,
        1,
        24,
        null,
        null,
        null
      ],
      "/Users/user/Projects/rails_projects/reservester/app/helpers/static_pages_helper.rb": [
        1,
        null
      ],
      "/Users/user/Projects/rails_projects/reservester/app/helpers/users_helper.rb": [
        1,
        null,
        null
      ],
      "/Users/user/Projects/rails_projects/reservester/app/controllers/reservations_controller.rb": [
        1,
        null,
        1,
        1,
        1,
        1,
        1,
        null,
        0,
        null,
        null,
        null,
        null,
        1,
        null,
        1,
        1,
        null,
        null,
        null
      ],
      "/Users/user/Projects/rails_projects/reservester/app/controllers/application_controller.rb": [
        1,
        null,
        null,
        1,
        null,
        1,
        null,
        1,
        null,
        1,
        28,
        28,
        null,
        null,
        null
      ],
      "/Users/user/Projects/rails_projects/reservester/app/controllers/restaurants_controller.rb": [
        1,
        null,
        1,
        1,
        1,
        null,
        1,
        24,
        null,
        null,
        1,
        4,
        8,
        null,
        null,
        1,
        3,
        3,
        null,
        0,
        null,
        null,
        null,
        1,
        2,
        2,
        1,
        1,
        null,
        1,
        1,
        null,
        null,
        null,
        1,
        2,
        null,
        null,
        1,
        1,
        1,
        1,
        null,
        0,
        null,
        null,
        null,
        1,
        1,
        1,
        null,
        null,
        1,
        null,
        1,
        3,
        null,
        null,
        null,
        null,
        1,
        7,
        7,
        null,
        null,
        null
      ],
      "/Users/user/Projects/rails_projects/reservester/app/models/reservation.rb": [
        1,
        1,
        1,
        1,
        null
      ],
      "/Users/user/Projects/rails_projects/reservester/app/models/restaurant.rb": [
        1,
        null,
        1,
        1,
        1,
        1,
        1,
        1,
        null,
        1,
        1,
        null,
        null
      ],
      "/Users/user/Projects/rails_projects/reservester/app/uploaders/photo_uploader.rb": [
        null,
        null,
        1,
        null,
        null,
        1,
        null,
        null,
        null,
        null,
        1,
        null,
        null,
        null,
        null,
        null,
        null,
        null,
        null,
        null,
        null,
        null,
        null,
        null,
        null,
        null,
        null,
        1,
        null,
        null,
        null,
        null,
        null,
        null,
        1,
        1,
        null,
        null,
        null,
        null,
        1,
        0,
        null,
        null,
        null,
        null,
        null,
        null,
        null,
        null,
        null
      ],
      "/Users/user/Projects/rails_projects/reservester/app/uploaders/menu_uploader.rb": [
        null,
        null,
        1,
        null,
        null,
        null,
        null,
        null,
        null,
        null,
        1,
        null,
        null,
        null,
        null,
        null,
        null,
        null,
        null,
        null,
        null,
        null,
        null,
        null,
        null,
        null,
        null,
        null,
        null,
        null,
        null,
        null,
        null,
        null,
        null,
        null,
        null,
        null,
        null,
        null,
        1,
        0,
        null,
        null,
        null,
        null,
        null,
        null,
        null,
        null,
        null
      ]
    },
    "timestamp": 1384703850
  }
}
